<?xml version="1.0" encoding="UTF-8" ?>
<testsuites>
  <testsuite errors="2" failures="0" hostname="Cognomen" id="0" name="RestServerServiceIntegrationSpec" package="dport" tests="16" time="12.527" timestamp="2014-09-01T21:28:55">
      <properties />

      <testcase classname="dport.RestServerServiceIntegrationSpec" name="test  smoke" time="0.119" />

      <testcase classname="dport.RestServerServiceIntegrationSpec" name="test queries 1" time="0.907" />

      <testcase classname="dport.RestServerServiceIntegrationSpec" name="test queries 2" time="0.673" />

      <testcase classname="dport.RestServerServiceIntegrationSpec" name="test queries 3" time="0.677" />

      <testcase classname="dport.RestServerServiceIntegrationSpec" name="test queries 4" time="0.701" />

      <testcase classname="dport.RestServerServiceIntegrationSpec" name="test queries 5" time="0.718" />

      <testcase classname="dport.RestServerServiceIntegrationSpec" name="test queries 6" time="0.677" />

      <testcase classname="dport.RestServerServiceIntegrationSpec" name="test retrieveTreatAsSpecifiedByGenomicRegion" time="0.071">
          <error message="No signature of method: dport.RestServerService.searchForTraitBySpecifiedRegion() is applicable for argument types: (java.lang.Integer, java.lang.Integer, java.lang.Integer) values: [9, 21940000, 22190000]&#xa;Possible solutions: searchForTraitBySpecifiedRegion(java.lang.String, java.lang.String, java.lang.String)" type="groovy.lang.MissingMethodException">groovy.lang.MissingMethodException: No signature of method: dport.RestServerService.searchForTraitBySpecifiedRegion() is applicable for argument types: (java.lang.Integer, java.lang.Integer, java.lang.Integer) values: [9, 21940000, 22190000]
Possible solutions: searchForTraitBySpecifiedRegion(java.lang.String, java.lang.String, java.lang.String)
	at dport.RestServerServiceIntegrationSpec.test retrieveTreatAsSpecifiedByGenomicRegion(RestServerServiceIntegrationSpec.groovy:82)
</error>

      </testcase>

      <testcase classname="dport.RestServerServiceIntegrationSpec" name="test retrieveTreatByUnparsedGenomicRegion" time="4.919" />

      <testcase classname="dport.RestServerServiceIntegrationSpec" name="test searchTraitByName" time="1.504" />

      <testcase classname="dport.RestServerServiceIntegrationSpec" name="test retrieveTraitInfoByVariant" time="0.123" />

      <testcase classname="dport.RestServerServiceIntegrationSpec" name="test connection to diabetes server" time="0.098" />

      <testcase classname="dport.RestServerServiceIntegrationSpec" name="test retrieveGeneInfoByName" time="0.092" />

      <testcase classname="dport.RestServerServiceIntegrationSpec" name="test retrieveVariantInfoByName" time="0.126" />

      <testcase classname="dport.RestServerServiceIntegrationSpec" name="test retrieveGenomicRegionBySpecifiedRegion" time="0.03">
          <error message="No signature of method: dport.RestServerService.searchGenomicRegionBySpecifiedRegion() is applicable for argument types: (java.lang.Integer, java.lang.Integer, java.lang.Integer) values: [9, 21940000, 22190000]&#xa;Possible solutions: searchGenomicRegionBySpecifiedRegion(java.lang.String, java.lang.String, java.lang.String)" type="groovy.lang.MissingMethodException">groovy.lang.MissingMethodException: No signature of method: dport.RestServerService.searchGenomicRegionBySpecifiedRegion() is applicable for argument types: (java.lang.Integer, java.lang.Integer, java.lang.Integer) values: [9, 21940000, 22190000]
Possible solutions: searchGenomicRegionBySpecifiedRegion(java.lang.String, java.lang.String, java.lang.String)
	at dport.RestServerServiceIntegrationSpec.test retrieveGenomicRegionBySpecifiedRegion(RestServerServiceIntegrationSpec.groovy:161)
</error>

      </testcase>

      <testcase classname="dport.RestServerServiceIntegrationSpec" name="test retrieveGenomicRegionAsSpecifiedByUsers" time="1.087" />

      <system-out><![CDATA[--Output from test  smoke--
--Output from test queries 1--
NT1106
--Output from test queries 2--
NT1106
--Output from test queries 3--
NT1106
--Output from test queries 4--
NT1105
--Output from test queries 5--
NT1105
--Output from test queries 6--
NT1105
--Output from test retrieveTreatAsSpecifiedByGenomicRegion--
--Output from test retrieveTreatByUnparsedGenomicRegion--
--Output from test searchTraitByName--
--Output from test retrieveTraitInfoByVariant--
--Output from test connection to diabetes server--
--Output from test retrieveGeneInfoByName--
--Output from test retrieveVariantInfoByName--
--Output from test retrieveGenomicRegionBySpecifiedRegion--
--Output from test retrieveGenomicRegionAsSpecifiedByUsers--
]]></system-out>

      <system-err><![CDATA[--Output from test  smoke--
--Output from test queries 1--
--Output from test queries 2--
--Output from test queries 3--
--Output from test queries 4--
--Output from test queries 5--
--Output from test queries 6--
--Output from test retrieveTreatAsSpecifiedByGenomicRegion--
--Output from test retrieveTreatByUnparsedGenomicRegion--
--Output from test searchTraitByName--
--Output from test retrieveTraitInfoByVariant--
--Output from test connection to diabetes server--
--Output from test retrieveGeneInfoByName--
--Output from test retrieveVariantInfoByName--
--Output from test retrieveGenomicRegionBySpecifiedRegion--
--Output from test retrieveGenomicRegionAsSpecifiedByUsers--
]]></system-err>

  </testsuite>
</testsuites>
