# JRE version: Java(TM) SE Runtime Environment (7.0_67-b01) (build 1.7.0_67-b01)
# Java VM: Java HotSpot(TM) 64-Bit Server VM (24.65-b04 mixed mode windows-amd64 compressed oops)
Heap
 PSYoungGen      total 349696K, used 262408K [0x00000007d5500000, 0x00000007f1c80000, 0x0000000800000000)
  eden space 329216K, 73% used [0x00000007d5500000,0x00000007e41622e8,0x00000007e9680000)
  from space 20480K, 99% used [0x00000007ef100000,0x00000007f04dfec8,0x00000007f0500000)
  to   space 24064K, 0% used [0x00000007f0500000,0x00000007f0500000,0x00000007f1c80000)
 ParOldGen       total 458240K, used 380071K [0x0000000780000000, 0x000000079bf80000, 0x00000007d5500000)
  object space 458240K, 82% used [0x0000000780000000,0x0000000797329f28,0x000000079bf80000)
 PSPermGen       total 262144K, used 159432K [0x0000000770000000, 0x0000000780000000, 0x0000000780000000)
  object space 262144K, 60% used [0x0000000770000000,0x0000000779bb20f0,0x0000000780000000)
GC Heap History (10 events):
Event: 6175.577 GC heap before
{Heap before GC invocations=85 (full 2):
 PSYoungGen      total 404480K, used 404242K [0x00000007d5500000, 0x00000007f5100000, 0x0000000800000000)
  eden space 395264K, 100% used [0x00000007d5500000,0x00000007ed700000,0x00000007ed700000)
  from space 9216K, 97% used [0x00000007f4800000,0x00000007f50c48b8,0x00000007f5100000)
  to   space 26112K, 0% used [0x00000007f1e00000,0x00000007f1e00000,0x00000007f3780000)
 ParOldGen       total 458240K, used 374082K [0x0000000780000000, 0x000000079bf80000, 0x00000007d5500000)
  object space 458240K, 81% used [0x0000000780000000,0x0000000796d50938,0x000000079bf80000)
 PSPermGen       total 262144K, used 154693K [0x0000000770000000, 0x0000000780000000, 0x0000000780000000)
  object space 262144K, 59% used [0x0000000770000000,0x0000000779711560,0x0000000780000000)
Event: 6175.586 GC heap after
Heap after GC invocations=85 (full 2):
 PSYoungGen      total 384512K, used 3342K [0x00000007d5500000, 0x00000007f4880000, 0x0000000800000000)
  eden space 380928K, 0% used [0x00000007d5500000,0x00000007d5500000,0x00000007ec900000)
  from space 3584K, 93% used [0x00000007f1e00000,0x00000007f2143888,0x00000007f2180000)
  to   space 24576K, 0% used [0x00000007f3080000,0x00000007f3080000,0x00000007f4880000)
 ParOldGen       total 458240K, used 374130K [0x0000000780000000, 0x000000079bf80000, 0x00000007d5500000)
  object space 458240K, 81% used [0x0000000780000000,0x0000000796d5c938,0x000000079bf80000)
 PSPermGen       total 262144K, used 154693K [0x0000000770000000, 0x0000000780000000, 0x0000000780000000)
  object space 262144K, 59% used [0x0000000770000000,0x0000000779711560,0x0000000780000000)
}
Event: 6178.996 GC heap before
{Heap before GC invocations=86 (full 2):
 PSYoungGen      total 384512K, used 384270K [0x00000007d5500000, 0x00000007f4880000, 0x0000000800000000)
  eden space 380928K, 100% used [0x00000007d5500000,0x00000007ec900000,0x00000007ec900000)
  from space 3584K, 93% used [0x00000007f1e00000,0x00000007f2143888,0x00000007f2180000)
  to   space 24576K, 0% used [0x00000007f3080000,0x00000007f3080000,0x00000007f4880000)
 ParOldGen       total 458240K, used 374130K [0x0000000780000000, 0x000000079bf80000, 0x00000007d5500000)
  object space 458240K, 81% used [0x0000000780000000,0x0000000796d5c938,0x000000079bf80000)
 PSPermGen       total 262144K, used 154693K [0x0000000770000000, 0x0000000780000000, 0x0000000780000000)
  object space 262144K, 59% used [0x0000000770000000,0x00000007797115a0,0x0000000780000000)
Event: 6179.007 GC heap after
Heap after GC invocations=86 (full 2):
 PSYoungGen      total 370688K, used 3123K [0x00000007d5500000, 0x00000007f3400000, 0x0000000800000000)
  eden space 367104K, 0% used [0x00000007d5500000,0x00000007d5500000,0x00000007ebb80000)
  from space 3584K, 87% used [0x00000007f3080000,0x00000007f338ce48,0x00000007f3400000)
  to   space 23040K, 0% used [0x00000007f0700000,0x00000007f0700000,0x00000007f1d80000)
 ParOldGen       total 458240K, used 374146K [0x0000000780000000, 0x000000079bf80000, 0x00000007d5500000)
  object space 458240K, 81% used [0x0000000780000000,0x0000000796d60938,0x000000079bf80000)
 PSPermGen       total 262144K, used 154693K [0x0000000770000000, 0x0000000780000000, 0x0000000780000000)
  object space 262144K, 59% used [0x0000000770000000,0x00000007797115a0,0x0000000780000000)
}
Event: 6289.259 GC heap before
{Heap before GC invocations=87 (full 2):
 PSYoungGen      total 370688K, used 370227K [0x00000007d5500000, 0x00000007f3400000, 0x0000000800000000)
  eden space 367104K, 100% used [0x00000007d5500000,0x00000007ebb80000,0x00000007ebb80000)
  from space 3584K, 87% used [0x00000007f3080000,0x00000007f338ce48,0x00000007f3400000)
  to   space 23040K, 0% used [0x00000007f0700000,0x00000007f0700000,0x00000007f1d80000)
 ParOldGen       total 458240K, used 374146K [0x0000000780000000, 0x000000079bf80000, 0x00000007d5500000)
  object space 458240K, 81% used [0x0000000780000000,0x0000000796d60938,0x000000079bf80000)
 PSPermGen       total 262144K, used 157114K [0x0000000770000000, 0x0000000780000000, 0x0000000780000000)
  object space 262144K, 59% used [0x0000000770000000,0x000000077996eab8,0x0000000780000000)
Event: 6289.278 GC heap after
Heap after GC invocations=87 (full 2):
 PSYoungGen      total 375296K, used 21320K [0x00000007d5500000, 0x00000007f3100000, 0x0000000800000000)
  eden space 353792K, 0% used [0x00000007d5500000,0x00000007d5500000,0x00000007eae80000)
  from space 21504K, 99% used [0x00000007f0700000,0x00000007f1bd2188,0x00000007f1c00000)
  to   space 21504K, 0% used [0x00000007f1c00000,0x00000007f1c00000,0x00000007f3100000)
 ParOldGen       total 458240K, used 374202K [0x0000000780000000, 0x000000079bf80000, 0x00000007d5500000)
  object space 458240K, 81% used [0x0000000780000000,0x0000000796d6e938,0x000000079bf80000)
 PSPermGen       total 262144K, used 157114K [0x0000000770000000, 0x0000000780000000, 0x0000000780000000)
  object space 262144K, 59% used [0x0000000770000000,0x000000077996eab8,0x0000000780000000)
}
Event: 6292.846 GC heap before
{Heap before GC invocations=88 (full 2):
 PSYoungGen      total 375296K, used 370788K [0x00000007d5500000, 0x00000007f3100000, 0x0000000800000000)
  eden space 353792K, 98% used [0x00000007d5500000,0x00000007eaa47190,0x00000007eae80000)
  from space 21504K, 99% used [0x00000007f0700000,0x00000007f1bd2188,0x00000007f1c00000)
  to   space 21504K, 0% used [0x00000007f1c00000,0x00000007f1c00000,0x00000007f3100000)
 ParOldGen       total 458240K, used 374202K [0x0000000780000000, 0x000000079bf80000, 0x00000007d5500000)
  object space 458240K, 81% used [0x0000000780000000,0x0000000796d6e938,0x000000079bf80000)
 PSPermGen       total 262144K, used 159087K [0x0000000770000000, 0x0000000780000000, 0x0000000780000000)
  object space 262144K, 60% used [0x0000000770000000,0x0000000779b5bdf8,0x0000000780000000)
Event: 6292.862 GC heap after
Heap after GC invocations=88 (full 2):
 PSYoungGen      total 362496K, used 21490K [0x00000007d5500000, 0x00000007f3100000, 0x0000000800000000)
  eden space 340992K, 0% used [0x00000007d5500000,0x00000007d5500000,0x00000007ea200000)
  from space 21504K, 99% used [0x00000007f1c00000,0x00000007f30fc908,0x00000007f3100000)
  to   space 32768K, 0% used [0x00000007ef100000,0x00000007ef100000,0x00000007f1100000)
 ParOldGen       total 458240K, used 379651K [0x0000000780000000, 0x000000079bf80000, 0x00000007d5500000)
  object space 458240K, 82% used [0x0000000780000000,0x00000007972c0d30,0x000000079bf80000)
 PSPermGen       total 262144K, used 159087K [0x0000000770000000, 0x0000000780000000, 0x0000000780000000)
  object space 262144K, 60% used [0x0000000770000000,0x0000000779b5bdf8,0x0000000780000000)
}
Event: 6298.914 GC heap before
{Heap before GC invocations=89 (full 2):
 PSYoungGen      total 362496K, used 361704K [0x00000007d5500000, 0x00000007f3100000, 0x0000000800000000)
  eden space 340992K, 99% used [0x00000007d5500000,0x00000007ea13d848,0x00000007ea200000)
  from space 21504K, 99% used [0x00000007f1c00000,0x00000007f30fc908,0x00000007f3100000)
  to   space 32768K, 0% used [0x00000007ef100000,0x00000007ef100000,0x00000007f1100000)
 ParOldGen       total 458240K, used 379651K [0x0000000780000000, 0x000000079bf80000, 0x00000007d5500000)
  object space 458240K, 82% used [0x0000000780000000,0x00000007972c0d30,0x000000079bf80000)
 PSPermGen       total 262144K, used 159294K [0x0000000770000000, 0x0000000780000000, 0x0000000780000000)
  object space 262144K, 60% used [0x0000000770000000,0x0000000779b8f9d8,0x0000000780000000)
Event: 6298.941 GC heap after
Heap after GC invocations=89 (full 2):
 PSYoungGen      total 349696K, used 20351K [0x00000007d5500000, 0x00000007f1c80000, 0x0000000800000000)
  eden space 329216K, 0% used [0x00000007d5500000,0x00000007d5500000,0x00000007e9680000)
  from space 20480K, 99% used [0x00000007ef100000,0x00000007f04dfec8,0x00000007f0500000)
  to   space 24064K, 0% used [0x00000007f0500000,0x00000007f0500000,0x00000007f1c80000)
 ParOldGen       total 458240K, used 380071K [0x0000000780000000, 0x000000079bf80000, 0x00000007d5500000)
  object space 458240K, 82% used [0x0000000780000000,0x0000000797329f28,0x000000079bf80000)
 PSPermGen       total 262144K, used 159294K [0x0000000770000000, 0x0000000780000000, 0x0000000780000000)
  object space 262144K, 60% used [0x0000000770000000,0x0000000779b8f9d8,0x0000000780000000)
}

